<?xml version="1.0" encoding="UTF-8"?>
<coverage generated="1763778806780" clover="3.2.0">
  <project timestamp="1763778806780" name="All files">
    <metrics statements="11" coveredstatements="11" conditionals="0" coveredconditionals="0" methods="6" coveredmethods="6" elements="17" coveredelements="17" complexity="0" loc="11" ncloc="11" packages="1" files="2" classes="2"/>
    <file name="greeting-utils.js" path="/Users/tyquincia/Desktop/Projects/Level_3/vitest-testing/src/greeting-utils.js">
      <metrics statements="9" coveredstatements="9" conditionals="0" coveredconditionals="0" methods="4" coveredmethods="4"/>
      <line num="2" count="4" type="stmt"/>
      <line num="3" count="4" type="stmt"/>
      <line num="7" count="3" type="stmt"/>
      <line num="8" count="3" type="stmt"/>
      <line num="12" count="3" type="stmt"/>
      <line num="13" count="3" type="stmt"/>
      <line num="17" count="1" type="stmt"/>
      <line num="18" count="1" type="stmt"/>
      <line num="19" count="1" type="stmt"/>
    </file>
    <file name="utils.js" path="/Users/tyquincia/Desktop/Projects/Level_3/vitest-testing/src/utils.js">
      <metrics statements="2" coveredstatements="2" conditionals="0" coveredconditionals="0" methods="2" coveredmethods="2"/>
      <line num="2" count="10" type="stmt"/>
      <line num="26" count="17" type="stmt"/>
    </file>
  </project>
</coverage>
