{"/Users/tyquincia/Desktop/Projects/Level_3/vitest-testing/src/greeting-utils.js": {"path":"/Users/tyquincia/Desktop/Projects/Level_3/vitest-testing/src/greeting-utils.js","statementMap":{"0":{"start":{"line":2,"column":21},"end":{"line":2,"column":50}},"1":{"start":{"line":3,"column":4},"end":{"line":3,"column":null}},"2":{"start":{"line":7,"column":27},"end":{"line":7,"column":54}},"3":{"start":{"line":8,"column":4},"end":{"line":8,"column":null}},"4":{"start":{"line":12,"column":24},"end":{"line":12,"column":44}},"5":{"start":{"line":13,"column":4},"end":{"line":13,"column":null}},"6":{"start":{"line":17,"column":21},"end":{"line":17,"column":49}},"7":{"start":{"line":18,"column":19},"end":{"line":18,"column":47}},"8":{"start":{"line":19,"column":4},"end":{"line":19,"column":null}}},"fnMap":{"0":{"name":"makeGreeting","decl":{"start":{"line":1,"column":16},"end":{"line":1,"column":28}},"loc":{"start":{"line":1,"column":44},"end":{"line":4,"column":null}},"line":1},"1":{"name":"addSignature","decl":{"start":{"line":6,"column":16},"end":{"line":6,"column":28}},"loc":{"start":{"line":6,"column":43},"end":{"line":9,"column":null}},"line":6},"2":{"name":"decorateMessage","decl":{"start":{"line":11,"column":16},"end":{"line":11,"column":31}},"loc":{"start":{"line":11,"column":40},"end":{"line":14,"column":null}},"line":11},"3":{"name":"createFullGreeting","decl":{"start":{"line":16,"column":16},"end":{"line":16,"column":34}},"loc":{"start":{"line":16,"column":56},"end":{"line":20,"column":null}},"line":16}},"branchMap":{},"s":{"0":4,"1":4,"2":3,"3":3,"4":3,"5":3,"6":1,"7":1,"8":1},"f":{"0":4,"1":3,"2":3,"3":1},"b":{},"meta":{"lastBranch":0,"lastFunction":4,"lastStatement":9,"seen":{"f:1:16:1:28":0,"s:2:21:2:50":0,"s:3:4:3:Infinity":1,"f:6:16:6:28":1,"s:7:27:7:54":2,"s:8:4:8:Infinity":3,"f:11:16:11:31":2,"s:12:24:12:44":4,"s:13:4:13:Infinity":5,"f:16:16:16:34":3,"s:17:21:17:49":6,"s:18:19:18:47":7,"s:19:4:19:Infinity":8}}}
,"/Users/tyquincia/Desktop/Projects/Level_3/vitest-testing/src/utils.js": {"path":"/Users/tyquincia/Desktop/Projects/Level_3/vitest-testing/src/utils.js","statementMap":{"0":{"start":{"line":2,"column":4},"end":{"line":2,"column":null}},"1":{"start":{"line":26,"column":4},"end":{"line":28,"column":null}}},"fnMap":{"0":{"name":"add","decl":{"start":{"line":1,"column":16},"end":{"line":1,"column":19}},"loc":{"start":{"line":1,"column":25},"end":{"line":3,"column":null}},"line":1},"1":{"name":"toSnakeCase","decl":{"start":{"line":25,"column":16},"end":{"line":25,"column":27}},"loc":{"start":{"line":25,"column":33},"end":{"line":29,"column":null}},"line":25}},"branchMap":{},"s":{"0":10,"1":17},"f":{"0":10,"1":17},"b":{},"meta":{"lastBranch":0,"lastFunction":2,"lastStatement":2,"seen":{"f:1:16:1:19":0,"s:2:4:2:Infinity":0,"f:25:16:25:27":1,"s:26:4:28:Infinity":1}}}
}
